<?xml version="1.0" encoding="UTF-8"?>
<testng-results ignored="3" total="4" passed="1" failed="0" skipped="0">
  <reporter-output>
  </reporter-output>
  <suite started-at="2025-06-17T13:56:50 AEST" name="OnlineInvoice Test Suite" finished-at="2025-06-17T13:56:50 AEST" duration-ms="514">
    <groups>
    </groups>
    <test started-at="2025-06-17T13:56:50 AEST" name="All Tests" finished-at="2025-06-17T13:56:50 AEST" duration-ms="514">
      <class name="com.ei.wdseljava.onlineinvoice.tests.OracleDataTest">
        <test-method signature="testInvoiceData(int)[pri:0, instance:com.ei.wdseljava.onlineinvoice.tests.OracleDataTest@7674f035]" started-at="2025-06-17T13:56:50 AEST" name="testInvoiceData" data-provider="invoiceData" finished-at="2025-06-17T13:56:50 AEST" duration-ms="489" status="PASS">
          <params>
            <param index="0">
              <value>
                <![CDATA[20454801]]>
              </value>
            </param>
          </params>
          <reporter-output>
          </reporter-output>
        </test-method> <!-- testInvoiceData -->
      </class> <!-- com.ei.wdseljava.onlineinvoice.tests.OracleDataTest -->
    </test> <!-- All Tests -->
  </suite> <!-- OnlineInvoice Test Suite -->
</testng-results>
