<?xml version="1.0" encoding="UTF-8"?>
<!-- Generated by org.testng.reporters.JUnitXMLReporter -->
<testsuite ignored="0" hostname="EamonAN" failures="1" tests="1" name="All Tests" time="20.014" errors="0" timestamp="2025-06-23T06:02:29 AEST">
  <testcase classname="com.ei.wdseljava.onlineinvoice.tests.MyFirstTest" name="testLogin" time="18.989">
    <failure type="java.lang.RuntimeException" message="❌ Failed to select practice: ❌ Dropdown options not rendered.">
      <![CDATA[java.lang.RuntimeException: ❌ Failed to select practice: ❌ Dropdown options not rendered.
at com.ei.wdseljava.onlineinvoice.pages.CbInvoiceEntryPage.selectPracticeByName(CbInvoiceEntryPage.java:142)
at com.ei.wdseljava.onlineinvoice.tests.MyFirstTest.testLogin(MyFirstTest.java:53)
at java.base/java.util.ArrayList.forEach(ArrayList.java:1541)
... Removed 27 stack frames]]>
    </failure>
  </testcase> <!-- testLogin -->
</testsuite> <!-- All Tests -->
