<?xml version="1.0" encoding="UTF-8"?>
<!-- Generated by org.testng.reporters.JUnitXMLReporter -->
<testsuite ignored="3" hostname="WL10-2023847" failures="0" tests="1" name="All Tests" time="0.514" errors="0" timestamp="2025-06-17T13:56:50 AEST">
  <testcase classname="com.ei.wdseljava.onlineinvoice.tests.OracleDataTest" name="testInvoiceData" time="0.489"/>
  <testcase classname="com.ei.wdseljava.onlineinvoice.tests.OracleDataTest" name="testTempusData" time="0.0">
    <ignored/>
  </testcase> <!-- testTempusData -->
  <testcase classname="com.ei.wdseljava.onlineinvoice.tests.OracleDataTest" name="testDatabaseData" time="0.0">
    <ignored/>
  </testcase> <!-- testDatabaseData -->
  <testcase classname="com.ei.wdseljava.onlineinvoice.tests.OracleDataTest" name="testDatabaseData" time="0.0">
    <ignored/>
  </testcase> <!-- testDatabaseData -->
</testsuite> <!-- All Tests -->
